TN:
SF:app\index.js
FNF:0
FNH:0
DA:1,1
DA:2,1
DA:3,1
DA:4,1
DA:5,1
DA:6,1
DA:7,1
DA:8,1
DA:9,1
DA:10,1
DA:11,1
DA:12,1
DA:13,1
DA:14,1
DA:15,1
DA:16,1
LF:16
LH:16
BRF:0
BRH:0
end_of_record
TN:
SF:app\router.js
FN:14,apply
FNF:1
FNH:1
FNDA:9,apply
DA:1,1
DA:2,1
DA:3,1
DA:4,1
DA:5,1
DA:6,1
DA:7,1
DA:8,1
DA:9,1
DA:10,1
DA:11,1
DA:12,1
DA:13,1
DA:14,9
DA:15,9
DA:16,9
DA:17,9
DA:18,9
DA:19,9
DA:20,9
DA:21,9
DA:22,9
DA:23,9
DA:24,9
DA:25,9
DA:26,9
DA:27,9
DA:28,9
DA:29,9
DA:30,9
DA:31,9
DA:32,9
DA:33,9
DA:34,9
DA:35,9
DA:36,9
DA:37,9
DA:38,9
DA:39,9
DA:40,9
DA:41,9
DA:42,9
DA:43,9
DA:44,9
DA:45,9
DA:46,9
DA:47,9
DA:48,9
DA:49,9
DA:50,9
DA:51,9
DA:52,9
DA:53,9
DA:54,9
DA:55,9
DA:56,9
DA:57,9
DA:58,9
DA:59,9
DA:60,9
DA:61,9
DA:62,9
DA:63,9
DA:64,9
DA:65,9
DA:66,9
DA:67,9
DA:68,9
DA:69,1
DA:70,1
LF:70
LH:70
BRDA:14,0,0,9
BRF:1
BRH:1
end_of_record
TN:
SF:app\controllers\ApplicationController.js
FN:4,<instance_members_initializer>
FN:4,handleGetRoot
FN:11,handleNotFound
FN:23,handleError
FN:33,getOffsetFromRequest
FN:39,buildPaginationObject
FNF:6
FNH:5
FNDA:27,<instance_members_initializer>
FNDA:0,handleGetRoot
FNDA:1,handleNotFound
FNDA:1,handleError
FNDA:2,getOffsetFromRequest
FNDA:1,buildPaginationObject
DA:1,1
DA:2,1
DA:3,1
DA:4,1
DA:5,0
DA:6,0
DA:7,0
DA:8,0
DA:9,0
DA:10,27
DA:11,27
DA:12,1
DA:13,1
DA:14,1
DA:15,1
DA:16,1
DA:17,1
DA:18,1
DA:19,1
DA:20,1
DA:21,1
DA:22,27
DA:23,27
DA:24,1
DA:25,1
DA:26,1
DA:27,1
DA:28,1
DA:29,1
DA:30,1
DA:31,1
DA:32,1
DA:33,1
DA:34,2
DA:35,2
DA:36,2
DA:37,2
DA:38,1
DA:39,1
DA:40,1
DA:41,1
DA:42,1
DA:43,1
DA:44,1
DA:45,1
DA:46,1
DA:47,1
DA:48,1
DA:49,1
DA:50,1
DA:51,1
LF:51
LH:46
BRDA:4,0,0,27
BRDA:11,1,0,1
BRDA:23,2,0,1
BRDA:33,3,0,2
BRDA:39,4,0,1
BRF:5
BRH:5
end_of_record
TN:
SF:app\controllers\AuthenticationController.js
FN:6,AuthenticationController
FN:19,<instance_members_initializer>
FN:25,authorize
FN:50,handleLogin
FN:85,handleRegister
FN:121,handleGetUser
FN:141,createTokenFromUser
FN:154,decodeToken
FN:158,encryptPassword
FN:162,verifyPassword
FNF:10
FNH:9
FNDA:9,AuthenticationController
FNDA:9,<instance_members_initializer>
FNDA:45,authorize
FNDA:7,handleLogin
FNDA:2,handleRegister
FNDA:0,handleGetUser
FNDA:7,createTokenFromUser
FNDA:4,decodeToken
FNDA:1,encryptPassword
FNDA:6,verifyPassword
DA:1,1
DA:2,1
DA:3,1
DA:4,1
DA:5,1
DA:6,1
DA:7,9
DA:8,9
DA:9,9
DA:10,9
DA:11,9
DA:12,9
DA:13,9
DA:14,9
DA:15,9
DA:16,9
DA:17,9
DA:18,1
DA:19,1
DA:20,9
DA:21,9
DA:22,9
DA:23,9
DA:24,9
DA:25,9
DA:26,45
DA:27,4
DA:28,4
DA:29,4
DA:30,4
DA:31,4
DA:32,4
DA:33,4
DA:34,4
DA:35,4
DA:36,4
DA:37,4
DA:38,4
DA:39,3
DA:40,3
DA:41,3
DA:42,3
DA:43,3
DA:44,3
DA:45,3
DA:46,3
DA:47,4
DA:48,45
DA:49,9
DA:50,9
DA:51,7
DA:52,7
DA:53,7
DA:54,7
DA:55,7
DA:56,7
DA:57,7
DA:58,7
DA:59,7
DA:60,1
DA:61,1
DA:62,1
DA:63,1
DA:64,6
DA:65,6
DA:66,6
DA:67,7
DA:68,0
DA:69,0
DA:70,0
DA:71,0
DA:72,7
DA:73,7
DA:74,7
DA:75,7
DA:76,7
DA:77,7
DA:78,7
DA:79,7
DA:80,7
DA:81,0
DA:82,0
DA:83,7
DA:84,9
DA:85,9
DA:86,2
DA:87,2
DA:88,2
DA:89,2
DA:90,2
DA:91,2
DA:92,2
DA:93,1
DA:94,1
DA:95,1
DA:96,1
DA:97,1
DA:98,1
DA:99,1
DA:100,1
DA:101,1
DA:102,1
DA:103,1
DA:104,1
DA:105,1
DA:106,1
DA:107,1
DA:108,1
DA:109,1
DA:110,1
DA:111,1
DA:112,1
DA:113,1
DA:114,1
DA:115,1
DA:116,1
DA:117,1
DA:118,1
DA:119,2
DA:120,9
DA:121,9
DA:122,0
DA:123,0
DA:124,0
DA:125,0
DA:126,0
DA:127,0
DA:128,0
DA:129,0
DA:130,0
DA:131,0
DA:132,0
DA:133,0
DA:134,0
DA:135,0
DA:136,0
DA:137,0
DA:138,0
DA:139,0
DA:140,9
DA:141,9
DA:142,7
DA:143,7
DA:144,7
DA:145,7
DA:146,7
DA:147,7
DA:148,7
DA:149,7
DA:150,7
DA:151,7
DA:152,7
DA:153,9
DA:154,9
DA:155,4
DA:156,4
DA:157,9
DA:158,9
DA:159,1
DA:160,1
DA:161,9
DA:162,9
DA:163,6
DA:164,6
DA:165,1
DA:166,1
DA:167,1
LF:167
LH:143
BRDA:6,0,0,9
BRDA:19,1,0,9
BRDA:25,2,0,45
BRDA:26,3,0,4
BRDA:32,4,0,3
BRDA:38,5,0,3
BRDA:43,6,0,0
BRDA:50,7,0,7
BRDA:59,8,0,6
BRDA:59,9,0,1
BRDA:67,10,0,0
BRDA:80,11,0,0
BRDA:85,12,0,2
BRDA:92,13,0,1
BRDA:141,14,0,7
BRDA:154,15,0,4
BRDA:158,16,0,1
BRDA:162,17,0,6
BRF:18
BRH:15
end_of_record
TN:
SF:app\controllers\CarController.js
FN:5,CarController
FN:12,<instance_members_initializer>
FN:12,handleListCars
FN:28,handleGetCar
FN:34,handleCreateCar
FN:64,handleRentCar
FN:104,handleUpdateCar
FN:136,handleDeleteCar
FN:141,getCarFromRequest
FN:145,getListQueryFromRequest
FNF:10
FNH:7
FNDA:9,CarController
FNDA:9,<instance_members_initializer>
FNDA:1,handleListCars
FNDA:1,handleGetCar
FNDA:0,handleCreateCar
FNDA:1,handleRentCar
FNDA:0,handleUpdateCar
FNDA:0,handleDeleteCar
FNDA:2,getCarFromRequest
FNDA:1,getListQueryFromRequest
DA:1,1
DA:2,1
DA:3,1
DA:4,1
DA:5,1
DA:6,9
DA:7,9
DA:8,9
DA:9,9
DA:10,9
DA:11,1
DA:12,1
DA:13,1
DA:14,1
DA:15,1
DA:16,1
DA:17,1
DA:18,1
DA:19,1
DA:20,1
DA:21,1
DA:22,1
DA:23,1
DA:24,1
DA:25,1
DA:26,1
DA:27,9
DA:28,9
DA:29,1
DA:30,1
DA:31,1
DA:32,1
DA:33,9
DA:34,9
DA:35,0
DA:36,0
DA:37,0
DA:38,0
DA:39,0
DA:40,0
DA:41,0
DA:42,0
DA:43,0
DA:44,0
DA:45,0
DA:46,0
DA:47,0
DA:48,0
DA:49,0
DA:50,0
DA:51,0
DA:52,0
DA:53,0
DA:54,0
DA:55,0
DA:56,0
DA:57,0
DA:58,0
DA:59,0
DA:60,0
DA:61,0
DA:62,0
DA:63,9
DA:64,9
DA:65,1
DA:66,1
DA:67,1
DA:68,1
DA:69,1
DA:70,1
DA:71,1
DA:72,1
DA:73,1
DA:74,1
DA:75,1
DA:76,1
DA:77,1
DA:78,1
DA:79,1
DA:80,1
DA:81,1
DA:82,1
DA:83,1
DA:84,0
DA:85,0
DA:86,0
DA:87,0
DA:88,1
DA:89,1
DA:90,1
DA:91,1
DA:92,1
DA:93,1
DA:94,1
DA:95,1
DA:96,1
DA:97,1
DA:98,1
DA:99,1
DA:100,0
DA:101,0
DA:102,1
DA:103,9
DA:104,9
DA:105,0
DA:106,0
DA:107,0
DA:108,0
DA:109,0
DA:110,0
DA:111,0
DA:112,0
DA:113,0
DA:114,0
DA:115,0
DA:116,0
DA:117,0
DA:118,0
DA:119,0
DA:120,0
DA:121,0
DA:122,0
DA:123,0
DA:124,0
DA:125,0
DA:126,0
DA:127,0
DA:128,0
DA:129,0
DA:130,0
DA:131,0
DA:132,0
DA:133,0
DA:134,0
DA:135,9
DA:136,9
DA:137,0
DA:138,0
DA:139,0
DA:140,1
DA:141,1
DA:142,2
DA:143,2
DA:144,1
DA:145,1
DA:146,1
DA:147,1
DA:148,1
DA:149,1
DA:150,1
DA:151,1
DA:152,1
DA:153,1
DA:154,1
DA:155,1
DA:156,1
DA:157,1
DA:158,0
DA:159,0
DA:160,0
DA:161,0
DA:162,0
DA:163,0
DA:164,1
DA:165,1
DA:166,1
DA:167,1
DA:168,1
DA:169,1
DA:170,1
DA:171,1
DA:172,1
DA:173,1
DA:174,1
DA:175,1
DA:176,1
LF:176
LH:103
BRDA:5,0,0,9
BRDA:12,1,0,9
BRDA:12,2,0,1
BRDA:28,3,0,1
BRDA:64,4,0,1
BRDA:83,5,0,0
BRDA:99,6,0,0
BRDA:141,7,0,2
BRDA:145,8,0,1
BRDA:156,9,0,0
BRDA:157,10,0,0
BRF:11
BRH:7
end_of_record
TN:
SF:app\controllers\index.js
FNF:0
FNH:0
DA:1,1
DA:2,1
DA:3,1
DA:4,1
DA:5,1
DA:6,1
DA:7,1
DA:8,1
DA:9,1
LF:9
LH:9
BRF:0
BRH:0
end_of_record
TN:
SF:app\errors\ApplicationError.js
FN:2,get details
FN:6,toJSON
FNF:2
FNH:1
FNDA:0,get details
FNDA:1,toJSON
DA:1,1
DA:2,1
DA:3,0
DA:4,0
DA:5,1
DA:6,1
DA:7,1
DA:8,1
DA:9,1
DA:10,1
DA:11,1
DA:12,1
DA:13,1
DA:14,1
DA:15,1
DA:16,1
DA:17,1
LF:17
LH:15
BRDA:6,0,0,1
BRF:1
BRH:1
end_of_record
TN:
SF:app\errors\CarAlreadyRentedError.js
FN:4,CarAlreadyRentedError
FN:8,get details
FNF:2
FNH:0
FNDA:0,CarAlreadyRentedError
FNDA:0,get details
DA:1,1
DA:2,1
DA:3,1
DA:4,1
DA:5,0
DA:6,0
DA:7,1
DA:8,1
DA:9,0
DA:10,0
DA:11,1
DA:12,1
DA:13,1
LF:13
LH:9
BRF:0
BRH:0
end_of_record
TN:
SF:app\errors\EmailNotRegisteredError.js
FN:4,EmailNotRegisteredError
FN:9,get details
FNF:2
FNH:2
FNDA:1,EmailNotRegisteredError
FNDA:1,get details
DA:1,1
DA:2,1
DA:3,1
DA:4,1
DA:5,1
DA:6,1
DA:7,1
DA:8,1
DA:9,1
DA:10,1
DA:11,1
DA:12,1
DA:13,1
DA:14,1
LF:14
LH:14
BRDA:4,0,0,1
BRDA:9,1,0,1
BRF:2
BRH:2
end_of_record
TN:
SF:app\errors\InsufficientAccessError.js
FN:4,InsufficientAccessError
FN:9,get details
FNF:2
FNH:2
FNDA:3,InsufficientAccessError
FNDA:3,get details
DA:1,1
DA:2,1
DA:3,1
DA:4,1
DA:5,3
DA:6,3
DA:7,3
DA:8,1
DA:9,1
DA:10,3
DA:11,3
DA:12,3
DA:13,3
DA:14,3
DA:15,1
DA:16,1
DA:17,1
LF:17
LH:17
BRDA:4,0,0,3
BRDA:9,1,0,3
BRF:2
BRH:2
end_of_record
TN:
SF:app\errors\NotFoundError.js
FN:4,NotFoundError
FN:10,get details
FNF:2
FNH:2
FNDA:1,NotFoundError
FNDA:1,get details
DA:1,1
DA:2,1
DA:3,1
DA:4,1
DA:5,1
DA:6,1
DA:7,1
DA:8,1
DA:9,1
DA:10,1
DA:11,1
DA:12,1
DA:13,1
DA:14,1
DA:15,1
DA:16,1
DA:17,1
DA:18,1
LF:18
LH:18
BRDA:4,0,0,1
BRDA:10,1,0,1
BRF:2
BRH:2
end_of_record
TN:
SF:app\errors\WrongPasswordError.js
FN:4,WrongPasswordError
FNF:1
FNH:0
FNDA:0,WrongPasswordError
DA:1,1
DA:2,1
DA:3,1
DA:4,1
DA:5,0
DA:6,0
DA:7,1
DA:8,1
DA:9,1
LF:9
LH:7
BRF:0
BRH:0
end_of_record
TN:
SF:app\errors\index.js
FNF:0
FNH:0
DA:1,1
DA:2,1
DA:3,1
DA:4,1
DA:5,1
DA:6,1
DA:7,1
DA:8,1
DA:9,1
DA:10,1
DA:11,1
DA:12,1
DA:13,1
LF:13
LH:13
BRF:0
BRH:0
end_of_record
TN:
SF:app\models\car.js
FN:5,Object.<anonymous>.module.exports
FN:12,associate
FNF:2
FNH:2
FNDA:9,Object.<anonymous>.module.exports
FNDA:9,associate
DA:1,1
DA:2,1
DA:3,1
DA:4,1
DA:5,1
DA:6,9
DA:7,9
DA:8,9
DA:9,9
DA:10,9
DA:11,9
DA:12,9
DA:13,9
DA:14,9
DA:15,9
DA:16,9
DA:17,9
DA:18,9
DA:19,9
DA:20,9
DA:21,9
DA:22,9
DA:23,9
DA:24,9
DA:25,9
DA:26,9
DA:27,9
DA:28,9
DA:29,9
DA:30,9
DA:31,9
DA:32,9
DA:33,9
DA:34,9
DA:35,9
DA:36,9
DA:37,9
DA:38,9
DA:39,9
DA:40,9
DA:41,9
DA:42,9
DA:43,9
DA:44,9
LF:44
LH:44
BRDA:5,0,0,9
BRDA:12,1,0,9
BRF:2
BRH:2
end_of_record
TN:
SF:app\models\index.js
FNF:0
FNH:0
DA:1,1
DA:2,1
DA:3,1
DA:4,1
DA:5,1
DA:6,1
DA:7,1
DA:8,1
DA:9,1
DA:10,1
DA:11,1
DA:12,1
DA:13,0
DA:14,1
DA:15,1
DA:16,1
DA:17,1
DA:18,1
DA:19,1
DA:20,1
DA:21,45
DA:22,45
DA:23,1
DA:24,36
DA:25,36
DA:26,36
DA:27,1
DA:28,1
DA:29,36
DA:30,36
DA:31,36
DA:32,36
DA:33,1
DA:34,1
DA:35,1
DA:36,1
DA:37,1
LF:37
LH:36
BRDA:7,0,0,0
BRDA:12,1,0,0
BRDA:20,2,0,45
BRDA:21,3,0,36
BRDA:23,4,0,36
BRDA:28,5,0,36
BRF:6
BRH:4
end_of_record
TN:
SF:app\models\role.js
FN:5,Object.<anonymous>.module.exports
FN:12,associate
FNF:2
FNH:2
FNDA:9,Object.<anonymous>.module.exports
FNDA:9,associate
DA:1,1
DA:2,1
DA:3,1
DA:4,1
DA:5,1
DA:6,9
DA:7,9
DA:8,9
DA:9,9
DA:10,9
DA:11,9
DA:12,9
DA:13,9
DA:14,9
DA:15,9
DA:16,9
DA:17,9
DA:18,9
DA:19,9
DA:20,9
DA:21,9
DA:22,9
DA:23,9
LF:23
LH:23
BRDA:5,0,0,9
BRDA:12,1,0,9
BRF:2
BRH:2
end_of_record
TN:
SF:app\models\user.js
FN:5,Object.<anonymous>.module.exports
FN:12,associate
FN:18,toJSON
FNF:3
FNH:2
FNDA:9,Object.<anonymous>.module.exports
FNDA:9,associate
FNDA:0,toJSON
DA:1,1
DA:2,1
DA:3,1
DA:4,1
DA:5,1
DA:6,9
DA:7,9
DA:8,9
DA:9,9
DA:10,9
DA:11,9
DA:12,9
DA:13,9
DA:14,9
DA:15,9
DA:16,9
DA:17,9
DA:18,9
DA:19,0
DA:20,0
DA:21,0
DA:22,0
DA:23,0
DA:24,0
DA:25,0
DA:26,0
DA:27,0
DA:28,9
DA:29,9
DA:30,9
DA:31,9
DA:32,9
DA:33,9
DA:34,9
DA:35,9
DA:36,9
DA:37,9
DA:38,9
DA:39,9
DA:40,9
LF:40
LH:31
BRDA:5,0,0,9
BRDA:12,1,0,9
BRF:2
BRH:2
end_of_record
TN:
SF:app\models\usercar.js
FN:5,Object.<anonymous>.module.exports
FN:12,associate
FNF:2
FNH:2
FNDA:9,Object.<anonymous>.module.exports
FNDA:9,associate
DA:1,1
DA:2,1
DA:3,1
DA:4,1
DA:5,1
DA:6,9
DA:7,9
DA:8,9
DA:9,9
DA:10,9
DA:11,9
DA:12,9
DA:13,9
DA:14,9
DA:15,9
DA:16,9
DA:17,9
DA:18,9
DA:19,9
DA:20,9
DA:21,9
DA:22,9
DA:23,9
DA:24,9
DA:25,9
DA:26,9
DA:27,9
DA:28,9
DA:29,9
DA:30,9
DA:31,9
DA:32,9
LF:32
LH:32
BRDA:5,0,0,9
BRDA:12,1,0,9
BRF:2
BRH:2
end_of_record
TN:
SF:config\application.js
FNF:0
FNH:0
DA:1,1
DA:2,1
DA:3,1
DA:4,1
LF:4
LH:4
BRF:0
BRH:0
end_of_record
TN:
SF:config\database.js
FNF:0
FNH:0
DA:1,1
DA:2,1
DA:3,1
DA:4,1
DA:5,1
DA:6,1
DA:7,1
DA:8,1
DA:9,1
DA:10,1
DA:11,1
DA:12,1
DA:13,1
DA:14,1
DA:15,1
DA:16,1
DA:17,1
DA:18,1
DA:19,1
DA:20,1
DA:21,1
DA:22,1
DA:23,1
DA:24,1
DA:25,1
DA:26,1
DA:27,1
DA:28,1
DA:29,1
DA:30,1
DA:31,1
DA:32,1
DA:33,1
DA:34,1
LF:34
LH:34
BRF:0
BRH:0
end_of_record
